cocos2d/cocos/platform/android/libcocos2dx/build/intermediates/manifest_merge_blame_file/debug/manifest-merger-blame-debug-report.txt
1<?xml version="1.0" encoding="utf-8"?>
2<manifest xmlns:android="http://schemas.android.com/apk/res/android"
3    package="org.cocos2dx.lib" >
4
5    <uses-sdk android:minSdkVersion="10" />
5-->android/libcocos2dx/AndroidManifest.xml
6
7    <application
7-->android/libcocos2dx/AndroidManifest.xml:3:5-5:19
8        android:allowBackup="true"
8-->android/libcocos2dx/AndroidManifest.xml:3:18-44
9        android:label="libcocos2dx" >
9-->android/libcocos2dx/AndroidManifest.xml:3:45-72
10    </application>
11
12</manifest>